Digite o tamanho do VETOR: 
Digite o Numero para o posição 0: 
Digite o Numero para o posição 1: 
Digite o Numero para o posição 2: 
Digite o Numero para o posição 3: 
Digite o Numero para o posição 4: 
Digite o Numero para o posição 5: 
Digite o Numero para o posição 6: 
Digite o Numero para o posição 7: 
Digite o Numero para o posição 8: 
Digite o Numero para o posição 9: 
Digite o Numero para o posição 10: 
Digite o Numero para o posição 11: 
Digite o Numero para o posição 12: 
Digite o Numero para o posição 13: 
Digite o Numero para o posição 14: 
Digite o Numero para o posição 15: 
Digite o Numero para o posição 16: 
Digite o Numero para o posição 17: 
Digite o Numero para o posição 18: 
Digite o Numero para o posição 19: 
Digite o Numero para o posição 20: 
Digite o Numero para o posição 21: 
Digite o Numero para o posição 22: 
Digite o Numero para o posição 23: 
Digite o Numero para o posição 24: 
Digite o Numero para o posição 25: 
Digite o Numero para o posição 26: 
Digite o Numero para o posição 27: 
Digite o Numero para o posição 28: 
Digite o Numero para o posição 29: 
Digite o Numero para o posição 30: 
Digite o Numero para o posição 31: 
Digite o Numero para o posição 32: 
Digite o Numero para o posição 33: 
Digite o Numero para o posição 34: 
Digite o Numero para o posição 35: 
Digite o Numero para o posição 36: 
Digite o Numero para o posição 37: 
Digite o Numero para o posição 38: 
Digite o Numero para o posição 39: 
Digite o Numero para o posição 40: 
Digite o Numero para o posição 41: 
Digite o Numero para o posição 42: 
Digite o Numero para o posição 43: 
Digite o Numero para o posição 44: 
Digite o Numero para o posição 45: 
Digite o Numero para o posição 46: 
Digite o Numero para o posição 47: 
Digite o Numero para o posição 48: 
Digite o Numero para o posição 49: 
Digite o Numero para o posição 50: 
Digite o Numero para o posição 51: 
Digite o Numero para o posição 52: 
Digite o Numero para o posição 53: 
Digite o Numero para o posição 54: 
Digite o Numero para o posição 55: 
Digite o Numero para o posição 56: 
Digite o Numero para o posição 57: 
Digite o Numero para o posição 58: 
Digite o Numero para o posição 59: 
Digite o Numero para o posição 60: 
Digite o Numero para o posição 61: 
Digite o Numero para o posição 62: 
Digite o Numero para o posição 63: 
Digite o Numero para o posição 64: 
Digite o Numero para o posição 65: 
Digite o Numero para o posição 66: 
Digite o Numero para o posição 67: 
Digite o Numero para o posição 68: 
Digite o Numero para o posição 69: 
Digite o Numero para o posição 70: 
Digite o Numero para o posição 71: 
Digite o Numero para o posição 72: 
Digite o Numero para o posição 73: 
Digite o Numero para o posição 74: 
Digite o Numero para o posição 75: 
Digite o Numero para o posição 76: 
Digite o Numero para o posição 77: 
Digite o Numero para o posição 78: 
Digite o Numero para o posição 79: 
Digite o Numero para o posição 80: 
Digite o Numero para o posição 81: 
Digite o Numero para o posição 82: 
Digite o Numero para o posição 83: 
Digite o Numero para o posição 84: 
Digite o Numero para o posição 85: 
Digite o Numero para o posição 86: 
Digite o Numero para o posição 87: 
Digite o Numero para o posição 88: 
Digite o Numero para o posição 89: 
Digite o Numero para o posição 90: 
Digite o Numero para o posição 91: 
Digite o Numero para o posição 92: 
Digite o Numero para o posição 93: 
Digite o Numero para o posição 94: 
Digite o Numero para o posição 95: 
Digite o Numero para o posição 96: 
Digite o Numero para o posição 97: 
Digite o Numero para o posição 98: 
Digite o Numero para o posição 99: 
Digite o Numero para o posição 100: 
Digite o Numero para o posição 101: 
Digite o Numero para o posição 102: 
Digite o Numero para o posição 103: 
Digite o Numero para o posição 104: 
Digite o Numero para o posição 105: 
Digite o Numero para o posição 106: 
Digite o Numero para o posição 107: 
Digite o Numero para o posição 108: 
Digite o Numero para o posição 109: 
Digite o Numero para o posição 110: 
Digite o Numero para o posição 111: 
Digite o Numero para o posição 112: 
Digite o Numero para o posição 113: 
Digite o Numero para o posição 114: 
Digite o Numero para o posição 115: 
Digite o Numero para o posição 116: 
Digite o Numero para o posição 117: 
Digite o Numero para o posição 118: 
Digite o Numero para o posição 119: 
Digite o Numero para o posição 120: 
Digite o Numero para o posição 121: 
Digite o Numero para o posição 122: 
Digite o Numero para o posição 123: 
Digite o Numero para o posição 124: 
Digite o Numero para o posição 125: 
Digite o Numero para o posição 126: 
Digite o Numero para o posição 127: 
Digite o Numero para o posição 128: 
Digite o Numero para o posição 129: 
Digite o Numero para o posição 130: 
Digite o Numero para o posição 131: 
Digite o Numero para o posição 132: 
Digite o Numero para o posição 133: 
Digite o Numero para o posição 134: 
Digite o Numero para o posição 135: 
Digite o Numero para o posição 136: 
Digite o Numero para o posição 137: 
Digite o Numero para o posição 138: 
Digite o Numero para o posição 139: 
Digite o Numero para o posição 140: 
Digite o Numero para o posição 141: 
Digite o Numero para o posição 142: 
Digite o Numero para o posição 143: 
Digite o Numero para o posição 144: 
Digite o Numero para o posição 145: 
Digite o Numero para o posição 146: 
Digite o Numero para o posição 147: 
Digite o Numero para o posição 148: 
Digite o Numero para o posição 149: 
Digite o Numero para o posição 150: 
Digite o Numero para o posição 151: 
Digite o Numero para o posição 152: 
Digite o Numero para o posição 153: 
Digite o Numero para o posição 154: 
Digite o Numero para o posição 155: 
Digite o Numero para o posição 156: 
Digite o Numero para o posição 157: 
Digite o Numero para o posição 158: 
Digite o Numero para o posição 159: 
Digite o Numero para o posição 160: 
Digite o Numero para o posição 161: 
Digite o Numero para o posição 162: 
Digite o Numero para o posição 163: 
Digite o Numero para o posição 164: 
Digite o Numero para o posição 165: 
Digite o Numero para o posição 166: 
Digite o Numero para o posição 167: 
Digite o Numero para o posição 168: 
Digite o Numero para o posição 169: 
Digite o Numero para o posição 170: 
Digite o Numero para o posição 171: 
Digite o Numero para o posição 172: 
Digite o Numero para o posição 173: 
Digite o Numero para o posição 174: 
Digite o Numero para o posição 175: 
Digite o Numero para o posição 176: 
Digite o Numero para o posição 177: 
Digite o Numero para o posição 178: 
Digite o Numero para o posição 179: 
Digite o Numero para o posição 180: 
Digite o Numero para o posição 181: 
Digite o Numero para o posição 182: 
Digite o Numero para o posição 183: 
Digite o Numero para o posição 184: 
Digite o Numero para o posição 185: 
Digite o Numero para o posição 186: 
Digite o Numero para o posição 187: 
Digite o Numero para o posição 188: 
Digite o Numero para o posição 189: 
Digite o Numero para o posição 190: 
Digite o Numero para o posição 191: 
Digite o Numero para o posição 192: 
Digite o Numero para o posição 193: 
Digite o Numero para o posição 194: 
Digite o Numero para o posição 195: 
Digite o Numero para o posição 196: 
Digite o Numero para o posição 197: 
Digite o Numero para o posição 198: 
Digite o Numero para o posição 199: 
Digite o Numero para o posição 200: 
Digite o Numero para o posição 201: 
Digite o Numero para o posição 202: 
Digite o Numero para o posição 203: 
Digite o Numero para o posição 204: 
Digite o Numero para o posição 205: 
Digite o Numero para o posição 206: 
Digite o Numero para o posição 207: 
Digite o Numero para o posição 208: 
Digite o Numero para o posição 209: 
Digite o Numero para o posição 210: 
Digite o Numero para o posição 211: 
Digite o Numero para o posição 212: 
Digite o Numero para o posição 213: 
Digite o Numero para o posição 214: 
Digite o Numero para o posição 215: 
Digite o Numero para o posição 216: 
Digite o Numero para o posição 217: 
Digite o Numero para o posição 218: 
Digite o Numero para o posição 219: 
Digite o Numero para o posição 220: 
Digite o Numero para o posição 221: 
Digite o Numero para o posição 222: 
Digite o Numero para o posição 223: 
Digite o Numero para o posição 224: 
Digite o Numero para o posição 225: 
Digite o Numero para o posição 226: 
Digite o Numero para o posição 227: 
Digite o Numero para o posição 228: 
Digite o Numero para o posição 229: 
Digite o Numero para o posição 230: 
Digite o Numero para o posição 231: 
Digite o Numero para o posição 232: 
Digite o Numero para o posição 233: 
Digite o Numero para o posição 234: 
Digite o Numero para o posição 235: 
Digite o Numero para o posição 236: 
Digite o Numero para o posição 237: 
Digite o Numero para o posição 238: 
Digite o Numero para o posição 239: 
Digite o Numero para o posição 240: 
Digite o Numero para o posição 241: 
Digite o Numero para o posição 242: 
Digite o Numero para o posição 243: 
Digite o Numero para o posição 244: 
Digite o Numero para o posição 245: 
Digite o Numero para o posição 246: 
Digite o Numero para o posição 247: 
Digite o Numero para o posição 248: 
Digite o Numero para o posição 249: 
Digite o Numero para o posição 250: 
Digite o Numero para o posição 251: 
Digite o Numero para o posição 252: 
Digite o Numero para o posição 253: 
Digite o Numero para o posição 254: 
Digite o Numero para o posição 255: 
Digite o Numero para o posição 256: 
Digite o Numero para o posição 257: 
Digite o Numero para o posição 258: 
Digite o Numero para o posição 259: 
Digite o Numero para o posição 260: 
Digite o Numero para o posição 261: 
Digite o Numero para o posição 262: 
Digite o Numero para o posição 263: 
Digite o Numero para o posição 264: 
Digite o Numero para o posição 265: 
Digite o Numero para o posição 266: 
Digite o Numero para o posição 267: 
Digite o Numero para o posição 268: 
Digite o Numero para o posição 269: 
Digite o Numero para o posição 270: 
Digite o Numero para o posição 271: 
Digite o Numero para o posição 272: 
Digite o Numero para o posição 273: 
Digite o Numero para o posição 274: 
Digite o Numero para o posição 275: 
Digite o Numero para o posição 276: 
Digite o Numero para o posição 277: 
Digite o Numero para o posição 278: 
Digite o Numero para o posição 279: 
Digite o Numero para o posição 280: 
Digite o Numero para o posição 281: 
Digite o Numero para o posição 282: 
Digite o Numero para o posição 283: 
Digite o Numero para o posição 284: 
Digite o Numero para o posição 285: 
Digite o Numero para o posição 286: 
Digite o Numero para o posição 287: 
Digite o Numero para o posição 288: 
Digite o Numero para o posição 289: 
Digite o Numero para o posição 290: 
Digite o Numero para o posição 291: 
Digite o Numero para o posição 292: 
Digite o Numero para o posição 293: 
Digite o Numero para o posição 294: 
Digite o Numero para o posição 295: 
Digite o Numero para o posição 296: 
Digite o Numero para o posição 297: 
Digite o Numero para o posição 298: 
Digite o Numero para o posição 299: 
Digite o Numero para o posição 300: 
Digite o Numero para o posição 301: 
Digite o Numero para o posição 302: 
Digite o Numero para o posição 303: 
Digite o Numero para o posição 304: 
Digite o Numero para o posição 305: 
Digite o Numero para o posição 306: 
Digite o Numero para o posição 307: 
Digite o Numero para o posição 308: 
Digite o Numero para o posição 309: 
Digite o Numero para o posição 310: 
Digite o Numero para o posição 311: 
Digite o Numero para o posição 312: 
Digite o Numero para o posição 313: 
Digite o Numero para o posição 314: 
Digite o Numero para o posição 315: 
Digite o Numero para o posição 316: 
Digite o Numero para o posição 317: 
Digite o Numero para o posição 318: 
Digite o Numero para o posição 319: 
Digite o Numero para o posição 320: 
Digite o Numero para o posição 321: 
Digite o Numero para o posição 322: 
Digite o Numero para o posição 323: 
Digite o Numero para o posição 324: 
Digite o Numero para o posição 325: 
Digite o Numero para o posição 326: 
Digite o Numero para o posição 327: 
Digite o Numero para o posição 328: 
Digite o Numero para o posição 329: 
Digite o Numero para o posição 330: 
Digite o Numero para o posição 331: 
Digite o Numero para o posição 332: 
Digite o Numero para o posição 333: 
Digite o Numero para o posição 334: 
Digite o Numero para o posição 335: 
Digite o Numero para o posição 336: 
Digite o Numero para o posição 337: 
Digite o Numero para o posição 338: 
Digite o Numero para o posição 339: 
Digite o Numero para o posição 340: 
Digite o Numero para o posição 341: 
Digite o Numero para o posição 342: 
Digite o Numero para o posição 343: 
Digite o Numero para o posição 344: 
Digite o Numero para o posição 345: 
Digite o Numero para o posição 346: 
Digite o Numero para o posição 347: 
Digite o Numero para o posição 348: 
Digite o Numero para o posição 349: 
Digite o Numero para o posição 350: 
Digite o Numero para o posição 351: 
Digite o Numero para o posição 352: 
Digite o Numero para o posição 353: 
Digite o Numero para o posição 354: 
Digite o Numero para o posição 355: 
Digite o Numero para o posição 356: 
Digite o Numero para o posição 357: 
Digite o Numero para o posição 358: 
Digite o Numero para o posição 359: 
Digite o Numero para o posição 360: 
Digite o Numero para o posição 361: 
Digite o Numero para o posição 362: 
Digite o Numero para o posição 363: 
Digite o Numero para o posição 364: 
Digite o Numero para o posição 365: 
Digite o Numero para o posição 366: 
Digite o Numero para o posição 367: 
Digite o Numero para o posição 368: 
Digite o Numero para o posição 369: 
Digite o Numero para o posição 370: 
Digite o Numero para o posição 371: 
Digite o Numero para o posição 372: 
Digite o Numero para o posição 373: 
Digite o Numero para o posição 374: 
Digite o Numero para o posição 375: 
Digite o Numero para o posição 376: 
Digite o Numero para o posição 377: 
Digite o Numero para o posição 378: 
Digite o Numero para o posição 379: 
Digite o Numero para o posição 380: 
Digite o Numero para o posição 381: 
Digite o Numero para o posição 382: 
Digite o Numero para o posição 383: 
Digite o Numero para o posição 384: 
Digite o Numero para o posição 385: 
Digite o Numero para o posição 386: 
Digite o Numero para o posição 387: 
Digite o Numero para o posição 388: 
Digite o Numero para o posição 389: 
Digite o Numero para o posição 390: 
Digite o Numero para o posição 391: 
Digite o Numero para o posição 392: 
Digite o Numero para o posição 393: 
Digite o Numero para o posição 394: 
Digite o Numero para o posição 395: 
Digite o Numero para o posição 396: 
Digite o Numero para o posição 397: 
Digite o Numero para o posição 398: 
Digite o Numero para o posição 399: 
Digite o Numero para o posição 400: 
Digite o Numero para o posição 401: 
Digite o Numero para o posição 402: 
Digite o Numero para o posição 403: 
Digite o Numero para o posição 404: 
Digite o Numero para o posição 405: 
Digite o Numero para o posição 406: 
Digite o Numero para o posição 407: 
Digite o Numero para o posição 408: 
Digite o Numero para o posição 409: 
Digite o Numero para o posição 410: 
Digite o Numero para o posição 411: 
Digite o Numero para o posição 412: 
Digite o Numero para o posição 413: 
Digite o Numero para o posição 414: 
Digite o Numero para o posição 415: 
Digite o Numero para o posição 416: 
Digite o Numero para o posição 417: 
Digite o Numero para o posição 418: 
Digite o Numero para o posição 419: 
Digite o Numero para o posição 420: 
Digite o Numero para o posição 421: 
Digite o Numero para o posição 422: 
Digite o Numero para o posição 423: 
Digite o Numero para o posição 424: 
Digite o Numero para o posição 425: 
Digite o Numero para o posição 426: 
Digite o Numero para o posição 427: 
Digite o Numero para o posição 428: 
Digite o Numero para o posição 429: 
Digite o Numero para o posição 430: 
Digite o Numero para o posição 431: 
Digite o Numero para o posição 432: 
Digite o Numero para o posição 433: 
Digite o Numero para o posição 434: 
Digite o Numero para o posição 435: 
Digite o Numero para o posição 436: 
Digite o Numero para o posição 437: 
Digite o Numero para o posição 438: 
Digite o Numero para o posição 439: 
Digite o Numero para o posição 440: 
Digite o Numero para o posição 441: 
Digite o Numero para o posição 442: 
Digite o Numero para o posição 443: 
Digite o Numero para o posição 444: 
Digite o Numero para o posição 445: 
Digite o Numero para o posição 446: 
Digite o Numero para o posição 447: 
Digite o Numero para o posição 448: 
Digite o Numero para o posição 449: 
Digite o Numero para o posição 450: 
Digite o Numero para o posição 451: 
Digite o Numero para o posição 452: 
Digite o Numero para o posição 453: 
Digite o Numero para o posição 454: 
Digite o Numero para o posição 455: 
Digite o Numero para o posição 456: 
Digite o Numero para o posição 457: 
Digite o Numero para o posição 458: 
Digite o Numero para o posição 459: 
Digite o Numero para o posição 460: 
Digite o Numero para o posição 461: 
Digite o Numero para o posição 462: 
Digite o Numero para o posição 463: 
Digite o Numero para o posição 464: 
Digite o Numero para o posição 465: 
Digite o Numero para o posição 466: 
Digite o Numero para o posição 467: 
Digite o Numero para o posição 468: 
Digite o Numero para o posição 469: 
Digite o Numero para o posição 470: 
Digite o Numero para o posição 471: 
Digite o Numero para o posição 472: 
Digite o Numero para o posição 473: 
Digite o Numero para o posição 474: 
Digite o Numero para o posição 475: 
Digite o Numero para o posição 476: 
Digite o Numero para o posição 477: 
Digite o Numero para o posição 478: 
Digite o Numero para o posição 479: 
Digite o Numero para o posição 480: 
Digite o Numero para o posição 481: 
Digite o Numero para o posição 482: 
Digite o Numero para o posição 483: 
Digite o Numero para o posição 484: 
Digite o Numero para o posição 485: 
Digite o Numero para o posição 486: 
Digite o Numero para o posição 487: 
Digite o Numero para o posição 488: 
Digite o Numero para o posição 489: 
Digite o Numero para o posição 490: 
Digite o Numero para o posição 491: 
Digite o Numero para o posição 492: 
Digite o Numero para o posição 493: 
Digite o Numero para o posição 494: 
Digite o Numero para o posição 495: 
Digite o Numero para o posição 496: 
Digite o Numero para o posição 497: 
Digite o Numero para o posição 498: 
Digite o Numero para o posição 499: 
Digite o Numero para o posição 500: 
Digite o Numero para o posição 501: 
Digite o Numero para o posição 502: 
Digite o Numero para o posição 503: 
Digite o Numero para o posição 504: 
Digite o Numero para o posição 505: 
Digite o Numero para o posição 506: 
Digite o Numero para o posição 507: 
Digite o Numero para o posição 508: 
Digite o Numero para o posição 509: 
Digite o Numero para o posição 510: 
Digite o Numero para o posição 511: 
Digite o Numero para o posição 512: 
Digite o Numero para o posição 513: 
Digite o Numero para o posição 514: 
Digite o Numero para o posição 515: 
Digite o Numero para o posição 516: 
Digite o Numero para o posição 517: 
Digite o Numero para o posição 518: 
Digite o Numero para o posição 519: 
Digite o Numero para o posição 520: 
Digite o Numero para o posição 521: 
Digite o Numero para o posição 522: 
Digite o Numero para o posição 523: 
Digite o Numero para o posição 524: 
Digite o Numero para o posição 525: 
Digite o Numero para o posição 526: 
Digite o Numero para o posição 527: 
Digite o Numero para o posição 528: 
Digite o Numero para o posição 529: 
Digite o Numero para o posição 530: 
Digite o Numero para o posição 531: 
Digite o Numero para o posição 532: 
Digite o Numero para o posição 533: 
Digite o Numero para o posição 534: 
Digite o Numero para o posição 535: 
Digite o Numero para o posição 536: 
Digite o Numero para o posição 537: 
Digite o Numero para o posição 538: 
Digite o Numero para o posição 539: 
Digite o Numero para o posição 540: 
Digite o Numero para o posição 541: 
Digite o Numero para o posição 542: 
Digite o Numero para o posição 543: 
Digite o Numero para o posição 544: 
Digite o Numero para o posição 545: 
Digite o Numero para o posição 546: 
Digite o Numero para o posição 547: 
Digite o Numero para o posição 548: 
Digite o Numero para o posição 549: 
Digite o Numero para o posição 550: 
Digite o Numero para o posição 551: 
Digite o Numero para o posição 552: 
Digite o Numero para o posição 553: 
Digite o Numero para o posição 554: 
Digite o Numero para o posição 555: 
Digite o Numero para o posição 556: 
Digite o Numero para o posição 557: 
Digite o Numero para o posição 558: 
Digite o Numero para o posição 559: 
Digite o Numero para o posição 560: 
Digite o Numero para o posição 561: 
Digite o Numero para o posição 562: 
Digite o Numero para o posição 563: 
Digite o Numero para o posição 564: 
Digite o Numero para o posição 565: 
Digite o Numero para o posição 566: 
Digite o Numero para o posição 567: 
Digite o Numero para o posição 568: 
Digite o Numero para o posição 569: 
Digite o Numero para o posição 570: 
Digite o Numero para o posição 571: 
Digite o Numero para o posição 572: 
Digite o Numero para o posição 573: 
Digite o Numero para o posição 574: 
Digite o Numero para o posição 575: 
Digite o Numero para o posição 576: 
Digite o Numero para o posição 577: 
Digite o Numero para o posição 578: 
Digite o Numero para o posição 579: 
Digite o Numero para o posição 580: 
Digite o Numero para o posição 581: 
Digite o Numero para o posição 582: 
Digite o Numero para o posição 583: 
Digite o Numero para o posição 584: 
Digite o Numero para o posição 585: 
Digite o Numero para o posição 586: 
Digite o Numero para o posição 587: 
Digite o Numero para o posição 588: 
Digite o Numero para o posição 589: 
Digite o Numero para o posição 590: 
Digite o Numero para o posição 591: 
Digite o Numero para o posição 592: 
Digite o Numero para o posição 593: 
Digite o Numero para o posição 594: 
Digite o Numero para o posição 595: 
Digite o Numero para o posição 596: 
Digite o Numero para o posição 597: 
Digite o Numero para o posição 598: 
Digite o Numero para o posição 599: 
Digite o Numero para o posição 600: 
Digite o Numero para o posição 601: 
Digite o Numero para o posição 602: 
Digite o Numero para o posição 603: 
Digite o Numero para o posição 604: 
Digite o Numero para o posição 605: 
Digite o Numero para o posição 606: 
Digite o Numero para o posição 607: 
Digite o Numero para o posição 608: 
Digite o Numero para o posição 609: 
Digite o Numero para o posição 610: 
Digite o Numero para o posição 611: 
Digite o Numero para o posição 612: 
Digite o Numero para o posição 613: 
Digite o Numero para o posição 614: 
Digite o Numero para o posição 615: 
Digite o Numero para o posição 616: 
Digite o Numero para o posição 617: 
Digite o Numero para o posição 618: 
Digite o Numero para o posição 619: 
Digite o Numero para o posição 620: 
Digite o Numero para o posição 621: 
Digite o Numero para o posição 622: 
Digite o Numero para o posição 623: 
Digite o Numero para o posição 624: 
Digite o Numero para o posição 625: 
Digite o Numero para o posição 626: 
Digite o Numero para o posição 627: 
Digite o Numero para o posição 628: 
Digite o Numero para o posição 629: 
Digite o Numero para o posição 630: 
Digite o Numero para o posição 631: 
Digite o Numero para o posição 632: 
Digite o Numero para o posição 633: 
Digite o Numero para o posição 634: 
Digite o Numero para o posição 635: 
Digite o Numero para o posição 636: 
Digite o Numero para o posição 637: 
Digite o Numero para o posição 638: 
Digite o Numero para o posição 639: 
Digite o Numero para o posição 640: 
Digite o Numero para o posição 641: 
Digite o Numero para o posição 642: 
Digite o Numero para o posição 643: 
Digite o Numero para o posição 644: 
Digite o Numero para o posição 645: 
Digite o Numero para o posição 646: 
Digite o Numero para o posição 647: 
Digite o Numero para o posição 648: 
Digite o Numero para o posição 649: 
Digite o Numero para o posição 650: 
Digite o Numero para o posição 651: 
Digite o Numero para o posição 652: 
Digite o Numero para o posição 653: 
Digite o Numero para o posição 654: 
Digite o Numero para o posição 655: 
Digite o Numero para o posição 656: 
Digite o Numero para o posição 657: 
Digite o Numero para o posição 658: 
Digite o Numero para o posição 659: 
Digite o Numero para o posição 660: 
Digite o Numero para o posição 661: 
Digite o Numero para o posição 662: 
Digite o Numero para o posição 663: 
Digite o Numero para o posição 664: 
Digite o Numero para o posição 665: 
Digite o Numero para o posição 666: 
Digite o Numero para o posição 667: 
Digite o Numero para o posição 668: 
Digite o Numero para o posição 669: 
Digite o Numero para o posição 670: 
Digite o Numero para o posição 671: 
Digite o Numero para o posição 672: 
Digite o Numero para o posição 673: 
Digite o Numero para o posição 674: 
Digite o Numero para o posição 675: 
Digite o Numero para o posição 676: 
Digite o Numero para o posição 677: 
Digite o Numero para o posição 678: 
Digite o Numero para o posição 679: 
Digite o Numero para o posição 680: 
Digite o Numero para o posição 681: 
Digite o Numero para o posição 682: 
Digite o Numero para o posição 683: 
Digite o Numero para o posição 684: 
Digite o Numero para o posição 685: 
Digite o Numero para o posição 686: 
Digite o Numero para o posição 687: 
Digite o Numero para o posição 688: 
Digite o Numero para o posição 689: 
Digite o Numero para o posição 690: 
Digite o Numero para o posição 691: 
Digite o Numero para o posição 692: 
Digite o Numero para o posição 693: 
Digite o Numero para o posição 694: 
Digite o Numero para o posição 695: 
Digite o Numero para o posição 696: 
Digite o Numero para o posição 697: 
Digite o Numero para o posição 698: 
Digite o Numero para o posição 699: 
Digite o Numero para o posição 700: 
Digite o Numero para o posição 701: 
Digite o Numero para o posição 702: 
Digite o Numero para o posição 703: 
Digite o Numero para o posição 704: 
Digite o Numero para o posição 705: 
Digite o Numero para o posição 706: 
Digite o Numero para o posição 707: 
Digite o Numero para o posição 708: 
Digite o Numero para o posição 709: 
Digite o Numero para o posição 710: 
Digite o Numero para o posição 711: 
Digite o Numero para o posição 712: 
Digite o Numero para o posição 713: 
Digite o Numero para o posição 714: 
Digite o Numero para o posição 715: 
Digite o Numero para o posição 716: 
Digite o Numero para o posição 717: 
Digite o Numero para o posição 718: 
Digite o Numero para o posição 719: 
Digite o Numero para o posição 720: 
Digite o Numero para o posição 721: 
Digite o Numero para o posição 722: 
Digite o Numero para o posição 723: 
Digite o Numero para o posição 724: 
Digite o Numero para o posição 725: 
Digite o Numero para o posição 726: 
Digite o Numero para o posição 727: 
Digite o Numero para o posição 728: 
Digite o Numero para o posição 729: 
Digite o Numero para o posição 730: 
Digite o Numero para o posição 731: 
Digite o Numero para o posição 732: 
Digite o Numero para o posição 733: 
Digite o Numero para o posição 734: 
Digite o Numero para o posição 735: 
Digite o Numero para o posição 736: 
Digite o Numero para o posição 737: 
Digite o Numero para o posição 738: 
Digite o Numero para o posição 739: 
Digite o Numero para o posição 740: 
Digite o Numero para o posição 741: 
Digite o Numero para o posição 742: 
Digite o Numero para o posição 743: 
Digite o Numero para o posição 744: 
Digite o Numero para o posição 745: 
Digite o Numero para o posição 746: 
Digite o Numero para o posição 747: 
Digite o Numero para o posição 748: 
Digite o Numero para o posição 749: 
Digite o Numero para o posição 750: 
Digite o Numero para o posição 751: 
Digite o Numero para o posição 752: 
Digite o Numero para o posição 753: 
Digite o Numero para o posição 754: 
Digite o Numero para o posição 755: 
Digite o Numero para o posição 756: 
Digite o Numero para o posição 757: 
Digite o Numero para o posição 758: 
Digite o Numero para o posição 759: 
Digite o Numero para o posição 760: 
Digite o Numero para o posição 761: 
Digite o Numero para o posição 762: 
Digite o Numero para o posição 763: 
Digite o Numero para o posição 764: 
Digite o Numero para o posição 765: 
Digite o Numero para o posição 766: 
Digite o Numero para o posição 767: 
Digite o Numero para o posição 768: 
Digite o Numero para o posição 769: 
Digite o Numero para o posição 770: 
Digite o Numero para o posição 771: 
Digite o Numero para o posição 772: 
Digite o Numero para o posição 773: 
Digite o Numero para o posição 774: 
Digite o Numero para o posição 775: 
Digite o Numero para o posição 776: 
Digite o Numero para o posição 777: 
Digite o Numero para o posição 778: 
Digite o Numero para o posição 779: 
Digite o Numero para o posição 780: 
Digite o Numero para o posição 781: 
Digite o Numero para o posição 782: 
Digite o Numero para o posição 783: 
Digite o Numero para o posição 784: 
Digite o Numero para o posição 785: 
Digite o Numero para o posição 786: 
Digite o Numero para o posição 787: 
Digite o Numero para o posição 788: 
Digite o Numero para o posição 789: 
Digite o Numero para o posição 790: 
Digite o Numero para o posição 791: 
Digite o Numero para o posição 792: 
Digite o Numero para o posição 793: 
Digite o Numero para o posição 794: 
Digite o Numero para o posição 795: 
Digite o Numero para o posição 796: 
Digite o Numero para o posição 797: 
Digite o Numero para o posição 798: 
Digite o Numero para o posição 799: 
Digite o Numero para o posição 800: 
Digite o Numero para o posição 801: 
Digite o Numero para o posição 802: 
Digite o Numero para o posição 803: 
Digite o Numero para o posição 804: 
Digite o Numero para o posição 805: 
Digite o Numero para o posição 806: 
Digite o Numero para o posição 807: 
Digite o Numero para o posição 808: 
Digite o Numero para o posição 809: 
Digite o Numero para o posição 810: 
Digite o Numero para o posição 811: 
Digite o Numero para o posição 812: 
Digite o Numero para o posição 813: 
Digite o Numero para o posição 814: 
Digite o Numero para o posição 815: 
Digite o Numero para o posição 816: 
Digite o Numero para o posição 817: 
Digite o Numero para o posição 818: 
Digite o Numero para o posição 819: 
Digite o Numero para o posição 820: 
Digite o Numero para o posição 821: 
Digite o Numero para o posição 822: 
Digite o Numero para o posição 823: 
Digite o Numero para o posição 824: 
Digite o Numero para o posição 825: 
Digite o Numero para o posição 826: 
Digite o Numero para o posição 827: 
Digite o Numero para o posição 828: 
Digite o Numero para o posição 829: 
Digite o Numero para o posição 830: 
Digite o Numero para o posição 831: 
Digite o Numero para o posição 832: 
Digite o Numero para o posição 833: 
Digite o Numero para o posição 834: 
Digite o Numero para o posição 835: 
Digite o Numero para o posição 836: 
Digite o Numero para o posição 837: 
Digite o Numero para o posição 838: 
Digite o Numero para o posição 839: 
Digite o Numero para o posição 840: 
Digite o Numero para o posição 841: 
Digite o Numero para o posição 842: 
Digite o Numero para o posição 843: 
Digite o Numero para o posição 844: 
Digite o Numero para o posição 845: 
Digite o Numero para o posição 846: 
Digite o Numero para o posição 847: 
Digite o Numero para o posição 848: 
Digite o Numero para o posição 849: 
Digite o Numero para o posição 850: 
Digite o Numero para o posição 851: 
Digite o Numero para o posição 852: 
Digite o Numero para o posição 853: 
Digite o Numero para o posição 854: 
Digite o Numero para o posição 855: 
Digite o Numero para o posição 856: 
Digite o Numero para o posição 857: 
Digite o Numero para o posição 858: 
Digite o Numero para o posição 859: 
Digite o Numero para o posição 860: 
Digite o Numero para o posição 861: 
Digite o Numero para o posição 862: 
Digite o Numero para o posição 863: 
Digite o Numero para o posição 864: 
Digite o Numero para o posição 865: 
Digite o Numero para o posição 866: 
Digite o Numero para o posição 867: 
Digite o Numero para o posição 868: 
Digite o Numero para o posição 869: 
Digite o Numero para o posição 870: 
Digite o Numero para o posição 871: 
Digite o Numero para o posição 872: 
Digite o Numero para o posição 873: 
Digite o Numero para o posição 874: 
Digite o Numero para o posição 875: 
Digite o Numero para o posição 876: 
Digite o Numero para o posição 877: 
Digite o Numero para o posição 878: 
Digite o Numero para o posição 879: 
Digite o Numero para o posição 880: 
Digite o Numero para o posição 881: 
Digite o Numero para o posição 882: 
Digite o Numero para o posição 883: 
Digite o Numero para o posição 884: 
Digite o Numero para o posição 885: 
Digite o Numero para o posição 886: 
Digite o Numero para o posição 887: 
Digite o Numero para o posição 888: 
Digite o Numero para o posição 889: 
Digite o Numero para o posição 890: 
Digite o Numero para o posição 891: 
Digite o Numero para o posição 892: 
Digite o Numero para o posição 893: 
Digite o Numero para o posição 894: 
Digite o Numero para o posição 895: 
Digite o Numero para o posição 896: 
Digite o Numero para o posição 897: 
Digite o Numero para o posição 898: 
Digite o Numero para o posição 899: 
Digite o Numero para o posição 900: 
Digite o Numero para o posição 901: 
Digite o Numero para o posição 902: 
Digite o Numero para o posição 903: 
Digite o Numero para o posição 904: 
Digite o Numero para o posição 905: 
Digite o Numero para o posição 906: 
Digite o Numero para o posição 907: 
Digite o Numero para o posição 908: 
Digite o Numero para o posição 909: 
Digite o Numero para o posição 910: 
Digite o Numero para o posição 911: 
Digite o Numero para o posição 912: 
Digite o Numero para o posição 913: 
Digite o Numero para o posição 914: 
Digite o Numero para o posição 915: 
Digite o Numero para o posição 916: 
Digite o Numero para o posição 917: 
Digite o Numero para o posição 918: 
Digite o Numero para o posição 919: 
Digite o Numero para o posição 920: 
Digite o Numero para o posição 921: 
Digite o Numero para o posição 922: 
Digite o Numero para o posição 923: 
Digite o Numero para o posição 924: 
Digite o Numero para o posição 925: 
Digite o Numero para o posição 926: 
Digite o Numero para o posição 927: 
Digite o Numero para o posição 928: 
Digite o Numero para o posição 929: 
Digite o Numero para o posição 930: 
Digite o Numero para o posição 931: 
Digite o Numero para o posição 932: 
Digite o Numero para o posição 933: 
Digite o Numero para o posição 934: 
Digite o Numero para o posição 935: 
Digite o Numero para o posição 936: 
Digite o Numero para o posição 937: 
Digite o Numero para o posição 938: 
Digite o Numero para o posição 939: 
Digite o Numero para o posição 940: 
Digite o Numero para o posição 941: 
Digite o Numero para o posição 942: 
Digite o Numero para o posição 943: 
Digite o Numero para o posição 944: 
Digite o Numero para o posição 945: 
Digite o Numero para o posição 946: 
Digite o Numero para o posição 947: 
Digite o Numero para o posição 948: 
Digite o Numero para o posição 949: 
Digite o Numero para o posição 950: 
Digite o Numero para o posição 951: 
Digite o Numero para o posição 952: 
Digite o Numero para o posição 953: 
Digite o Numero para o posição 954: 
Digite o Numero para o posição 955: 
Digite o Numero para o posição 956: 
Digite o Numero para o posição 957: 
Digite o Numero para o posição 958: 
Digite o Numero para o posição 959: 
Digite o Numero para o posição 960: 
Digite o Numero para o posição 961: 
Digite o Numero para o posição 962: 
Digite o Numero para o posição 963: 
Digite o Numero para o posição 964: 
Digite o Numero para o posição 965: 
Digite o Numero para o posição 966: 
Digite o Numero para o posição 967: 
Digite o Numero para o posição 968: 
Digite o Numero para o posição 969: 
Digite o Numero para o posição 970: 
Digite o Numero para o posição 971: 
Digite o Numero para o posição 972: 
Digite o Numero para o posição 973: 
Digite o Numero para o posição 974: 
Digite o Numero para o posição 975: 
Digite o Numero para o posição 976: 
Digite o Numero para o posição 977: 
Digite o Numero para o posição 978: 
Digite o Numero para o posição 979: 
Digite o Numero para o posição 980: 
Digite o Numero para o posição 981: 
Digite o Numero para o posição 982: 
Digite o Numero para o posição 983: 
Digite o Numero para o posição 984: 
Digite o Numero para o posição 985: 
Digite o Numero para o posição 986: 
Digite o Numero para o posição 987: 
Digite o Numero para o posição 988: 
Digite o Numero para o posição 989: 
Digite o Numero para o posição 990: 
Digite o Numero para o posição 991: 
Digite o Numero para o posição 992: 
Digite o Numero para o posição 993: 
Digite o Numero para o posição 994: 
Digite o Numero para o posição 995: 
Digite o Numero para o posição 996: 
Digite o Numero para o posição 997: 
Digite o Numero para o posição 998: 
Digite o Numero para o posição 999: 
Antes da Ordenação
27
32
19
24
8
25
47
22
51
14
43
17
34
34
52
32
49
6
21
26
38
43
30
5
18
8
18
47
31
35
32
35
43
36
36
42
36
3
44
49
12
24
4
1
44
44
21
49
18
1
27
23
44
11
21
22
12
40
42
50
14
24
52
10
51
12
33
42
32
48
32
21
8
17
41
43
43
7
36
30
20
51
3
9
14
23
4
49
22
37
7
36
51
33
26
12
33
17
41
41
29
28
21
49
20
50
19
24
30
44
13
51
38
22
30
15
31
17
35
35
14
21
41
31
43
32
27
15
21
52
7
50
36
7
40
28
29
52
22
52
27
2
10
23
39
43
32
34
38
31
16
14
12
35
18
41
43
35
35
8
15
9
10
29
46
28
31
38
6
10
27
4
12
37
24
43
52
41
19
38
29
32
11
17
40
23
8
27
21
43
37
24
14
51
51
27
21
28
12
21
49
24
26
33
48
46
5
22
26
43
15
34
8
52
20
38
37
46
12
18
28
43
40
28
49
22
37
40
23
51
10
37
49
44
50
21
21
14
46
1
2
48
46
30
2
19
39
14
3
36
28
43
13
19
28
15
51
10
1
41
34
31
39
40
29
43
40
46
27
45
4
44
44
35
7
36
31
32
9
10
48
20
5
40
18
6
1
21
18
9
42
5
8
43
35
25
11
23
20
42
27
35
45
7
42
2
22
8
42
41
27
10
9
44
3
4
34
27
42
47
38
31
51
8
14
47
2
24
20
12
21
7
12
7
9
39
12
33
46
39
19
28
2
8
46
26
31
9
48
11
8
29
48
10
22
17
25
12
21
28
35
17
31
11
24
22
13
31
22
11
44
34
8
1
2
21
36
19
45
47
8
43
20
40
22
42
8
12
48
31
19
13
39
19
2
41
7
38
2
47
41
25
47
27
3
18
7
6
28
47
33
9
25
5
36
14
51
39
8
19
12
10
40
48
48
4
17
9
22
2
51
47
51
31
13
34
45
50
20
18
34
30
37
9
51
47
39
29
16
41
38
35
44
16
28
48
32
12
5
21
34
45
1
40
34
5
32
23
44
7
52
26
49
33
2
6
31
50
32
42
12
8
47
21
28
43
31
15
39
46
43
33
4
9
51
26
10
26
36
51
11
48
52
13
3
13
17
26
8
44
43
31
37
51
39
9
22
21
42
20
19
48
30
11
50
3
18
6
30
1
37
48
30
47
37
1
4
27
42
18
25
47
3
4
29
10
3
10
18
36
2
12
32
18
23
31
47
32
18
26
2
22
29
45
8
32
52
13
40
46
27
19
20
23
6
49
11
45
3
47
31
5
22
4
5
14
8
37
2
31
17
28
13
52
42
14
34
51
9
3
12
15
12
44
34
28
8
52
41
18
18
20
36
5
31
50
16
50
27
24
49
32
4
9
20
26
5
48
34
39
1
12
8
14
3
32
12
33
23
1
45
21
42
41
36
20
12
13
48
37
51
51
39
5
47
46
3
8
47
11
50
9
14
51
31
3
4
20
30
8
48
31
5
39
31
43
52
21
45
42
24
46
49
38
40
15
23
36
19
31
18
5
2
35
35
18
43
44
28
5
38
6
25
27
35
30
18
50
23
14
38
29
47
49
31
39
20
41
44
21
9
12
28
44
16
18
2
20
44
11
12
3
50
50
18
6
15
14
8
6
6
51
1
26
6
48
26
20
45
43
6
35
2
32
8
3
14
45
2
32
32
9
16
43
3
46
8
25
52
39
40
2
8
11
1
13
19
9
17
23
5
10
20
38
31
40
18
5
23
4
49
35
30
21
39
11
8
15
28
39
18
13
38
1
23
3
24
10
15
24
43
40
5
50
45
6
32
29
21
25
21
8
7
25
50
19
50
3
39
10
31
26
46
22
33
7
33
17
26
33
49
44
48
10
30
37
29
43
44
26
17
9
14
17
25
51
52
16
4
20
37
37
17
8
21
38
33
34
13
39
2
19
32
1
2
36
8
11
39
15
22
3
37
31
20
41
31
27
1
25
15
24
14
23
13
6
8
15
52
18
49
36
31
42
12
23
16
33
45
35
50
37
51
21
6
16
51
40
15
21
44
8
5
44
23
2
46
35
26
16
38
42
49
29
17
22
10
2
41
42
33
40
37
22
14
33
2
48
43
46
26
44
50
35
27
22
16
39
30
42
11
7
8
31
32
22
7
9
14
15
12
40
49
9
22
3
42
14
26
2
22
2
44
11
14
41
27
37
30
21
41
48
38
52
29
20
42
6
32
14
Depois da Ordenação
1
1
1
1
1
1
1
1
1
1
1
1
1
1
1
1
2
2
2
2
2
2
2
2
2
2
2
2
2
2
2
2
2
2
2
2
2
2
2
2
2
2
3
3
3
3
3
3
3
3
3
3
3
3
3
3
3
3
3
3
3
3
3
4
4
4
4
4
4
4
4
4
4
4
4
4
4
5
5
5
5
5
5
5
5
5
5
5
5
5
5
5
5
5
5
5
6
6
6
6
6
6
6
6
6
6
6
6
6
6
6
6
6
7
7
7
7
7
7
7
7
7
7
7
7
7
7
7
8
8
8
8
8
8
8
8
8
8
8
8
8
8
8
8
8
8
8
8
8
8
8
8
8
8
8
8
8
8
8
8
8
8
9
9
9
9
9
9
9
9
9
9
9
9
9
9
9
9
9
9
9
9
9
10
10
10
10
10
10
10
10
10
10
10
10
10
10
10
10
10
10
11
11
11
11
11
11
11
11
11
11
11
11
11
11
11
11
12
12
12
12
12
12
12
12
12
12
12
12
12
12
12
12
12
12
12
12
12
12
12
12
12
12
13
13
13
13
13
13
13
13
13
13
13
13
13
13
14
14
14
14
14
14
14
14
14
14
14
14
14
14
14
14
14
14
14
14
14
14
14
14
15
15
15
15
15
15
15
15
15
15
15
15
15
15
15
15
16
16
16
16
16
16
16
16
16
16
16
17
17
17
17
17
17
17
17
17
17
17
17
17
17
17
17
18
18
18
18
18
18
18
18
18
18
18
18
18
18
18
18
18
18
18
18
18
18
18
18
19
19
19
19
19
19
19
19
19
19
19
19
19
19
19
19
20
20
20
20
20
20
20
20
20
20
20
20
20
20
20
20
20
20
20
20
20
21
21
21
21
21
21
21
21
21
21
21
21
21
21
21
21
21
21
21
21
21
21
21
21
21
21
21
21
21
22
22
22
22
22
22
22
22
22
22
22
22
22
22
22
22
22
22
22
22
22
22
22
22
23
23
23
23
23
23
23
23
23
23
23
23
23
23
23
23
23
23
24
24
24
24
24
24
24
24
24
24
24
24
24
24
25
25
25
25
25
25
25
25
25
25
25
25
26
26
26
26
26
26
26
26
26
26
26
26
26
26
26
26
26
26
26
27
27
27
27
27
27
27
27
27
27
27
27
27
27
27
27
27
27
27
28
28
28
28
28
28
28
28
28
28
28
28
28
28
28
28
28
28
29
29
29
29
29
29
29
29
29
29
29
29
29
29
30
30
30
30
30
30
30
30
30
30
30
30
30
30
30
31
31
31
31
31
31
31
31
31
31
31
31
31
31
31
31
31
31
31
31
31
31
31
31
31
31
31
31
31
31
31
32
32
32
32
32
32
32
32
32
32
32
32
32
32
32
32
32
32
32
32
32
32
32
32
33
33
33
33
33
33
33
33
33
33
33
33
33
33
33
33
34
34
34
34
34
34
34
34
34
34
34
34
34
34
34
35
35
35
35
35
35
35
35
35
35
35
35
35
35
35
35
35
35
35
35
36
36
36
36
36
36
36
36
36
36
36
36
36
36
36
36
36
37
37
37
37
37
37
37
37
37
37
37
37
37
37
37
37
37
37
37
38
38
38
38
38
38
38
38
38
38
38
38
38
38
38
38
38
39
39
39
39
39
39
39
39
39
39
39
39
39
39
39
39
39
39
39
39
39
40
40
40
40
40
40
40
40
40
40
40
40
40
40
40
40
40
40
40
41
41
41
41
41
41
41
41
41
41
41
41
41
41
41
41
41
41
42
42
42
42
42
42
42
42
42
42
42
42
42
42
42
42
42
42
42
42
42
43
43
43
43
43
43
43
43
43
43
43
43
43
43
43
43
43
43
43
43
43
43
43
43
43
43
44
44
44
44
44
44
44
44
44
44
44
44
44
44
44
44
44
44
44
44
44
44
44
44
45
45
45
45
45
45
45
45
45
45
45
45
45
46
46
46
46
46
46
46
46
46
46
46
46
46
46
46
46
47
47
47
47
47
47
47
47
47
47
47
47
47
47
47
47
47
47
48
48
48
48
48
48
48
48
48
48
48
48
48
48
48
48
48
48
48
48
49
49
49
49
49
49
49
49
49
49
49
49
49
49
49
49
49
49
50
50
50
50
50
50
50
50
50
50
50
50
50
50
50
50
50
50
51
51
51
51
51
51
51
51
51
51
51
51
51
51
51
51
51
51
51
51
51
51
51
51
51
52
52
52
52
52
52
52
52
52
52
52
52
52
52
52
52
52
